Arguments: 
  C:\Program Files\nodejs\node.exe C:\Users\zexra\AppData\Roaming\npm\node_modules\yarn\bin\yarn.js add nodemon

PATH: 
  C:\ProgramData\Oracle\Java\javapath;C:\Windows\system32;C:\Windows;C:\Windows\System32\Wbem;C:\Windows\System32\WindowsPowerShell\v1.0\;C:\Windows\System32\OpenSSH\;C:\Program Files\nodejs\;C:\Program Files\Git\cmd;C:\Program Files (x86)\Microsoft SQL Server\100\Tools\Binn\;C:\Program Files\Microsoft SQL Server\100\Tools\Binn\;C:\Program Files\Microsoft SQL Server\100\DTS\Binn\;C:\ProgramData\chocolatey\bin;C:\Users\zexra\AppData\Local\Programs\Python\Python37-32\Scripts\;C:\Users\zexra\AppData\Local\Programs\Python\Python37-32\;C:\Users\zexra\AppData\Local\Microsoft\WindowsApps;C:\Users\zexra\AppData\Roaming\npm;C:\Users\zexra\AppData\Local\Programs\Microsoft VS Code\bin;C:\Program Files\JetBrains\PyCharm Community Edition 2018.3.5\bin;

Yarn version: 
  1.15.2

Node version: 
  10.15.1

Platform: 
  win32 x64

Trace: 
  SyntaxError: C:\Users\zexra\Desktop\www\package.json: Unexpected token } in JSON at position 172
      at JSON.parse (<anonymous>)
      at C:\Users\zexra\AppData\Roaming\npm\node_modules\yarn\lib\cli.js:1625:59
      at Generator.next (<anonymous>)
      at step (C:\Users\zexra\AppData\Roaming\npm\node_modules\yarn\lib\cli.js:304:30)
      at C:\Users\zexra\AppData\Roaming\npm\node_modules\yarn\lib\cli.js:315:13

npm manifest: 
  {
    "name": "www",
    "version": "1.0.0",
    "description": "",
    "main": "index.js",
    "scripts": {
      "test": "echo \"Error: no test specified\" && exit 1",
      "start"
    },
    "keywords": [],
    "author": "",
    "license": "ISC"
  }

yarn manifest: 
  No manifest

Lockfile: 
  No lockfile
